Symbol range map extraction starting
Processing 17 files
startProcessing "com\DragonFerocity\expanded\ExpandedAesthetics.java" md5: 3a1a44570284c67c82240eac51c17c92
Cache Hit!
endProcessing "com\DragonFerocity\expanded\ExpandedAesthetics.java"

startProcessing "com\DragonFerocity\expanded\Ref.java" md5: c43bc62fe50bb2bc7d1a1f4b7bb68fa2
Cache Hit!
endProcessing "com\DragonFerocity\expanded\Ref.java"

startProcessing "com\DragonFerocity\expanded\blocks\BlockTutBlock.java" md5: ca1e01153adeb780b996bcd4413eec87
Cache Hit!
endProcessing "com\DragonFerocity\expanded\blocks\BlockTutBlock.java"

startProcessing "com\DragonFerocity\expanded\blocks\CobblestoneChest.java" md5: 9776f73f56972e76a3a0cee250c9b6de
Cache Hit!
endProcessing "com\DragonFerocity\expanded\blocks\CobblestoneChest.java"

startProcessing "com\DragonFerocity\expanded\blocks\ModBlock.java" md5: 4a80e37ee12a24788b588efa9d65040f
Cache Hit!
endProcessing "com\DragonFerocity\expanded\blocks\ModBlock.java"

startProcessing "com\DragonFerocity\expanded\blocks\ModBlockDoor.java" md5: cecdf1349ae4ab38b4fe2b36098a3ebb
Cache Hit!
endProcessing "com\DragonFerocity\expanded\blocks\ModBlockDoor.java"

startProcessing "com\DragonFerocity\expanded\blocks\ModChest.java" md5: 752e9e47c3a7a28d1b3b08bb29817801
Cache Hit!
endProcessing "com\DragonFerocity\expanded\blocks\ModChest.java"

startProcessing "com\DragonFerocity\expanded\blocks\ModLamp.java" md5: 8fa6614da77380276bdd8b8456f32963
Cache Hit!
endProcessing "com\DragonFerocity\expanded\blocks\ModLamp.java"

startProcessing "com\DragonFerocity\expanded\blocks\ModLantern.java" md5: 605b385f79abbf3803564475796826a2
Cache Hit!
endProcessing "com\DragonFerocity\expanded\blocks\ModLantern.java"

startProcessing "com\DragonFerocity\expanded\handlers\BlockHandler.java" md5: 8f45c1255fbf95da8680079d0be55f81
Cache Hit!
endProcessing "com\DragonFerocity\expanded\handlers\BlockHandler.java"

startProcessing "com\DragonFerocity\expanded\handlers\CraftingHandler.java" md5: f1f76977cde710da7f2ead23fcbeec26
Cache Hit!
endProcessing "com\DragonFerocity\expanded\handlers\CraftingHandler.java"

startProcessing "com\DragonFerocity\expanded\items\ItemTutItem.java" md5: 9788da2d42a00c38229bc342b604f0ac
Cache Hit!
endProcessing "com\DragonFerocity\expanded\items\ItemTutItem.java"

startProcessing "com\DragonFerocity\expanded\items\ModItem.java" md5: 4adefdd56a708cb0c252dfc68172d738
Cache Hit!
endProcessing "com\DragonFerocity\expanded\items\ModItem.java"

startProcessing "com\DragonFerocity\expanded\items\ModItemDoor.java" md5: 2e1755b0bf96e42109c9f7da18359c63
Cache Hit!
endProcessing "com\DragonFerocity\expanded\items\ModItemDoor.java"

startProcessing "com\DragonFerocity\expanded\proxy\ClientProxy.java" md5: 9a2890845271d4cefb0a19e73a319525
Cache Hit!
endProcessing "com\DragonFerocity\expanded\proxy\ClientProxy.java"

startProcessing "com\DragonFerocity\expanded\proxy\CommonProxy.java" md5: 614f2bd11fd85c3aea45c58e3c0fcbf4
Cache Hit!
endProcessing "com\DragonFerocity\expanded\proxy\CommonProxy.java"

startProcessing "com\DragonFerocity\expanded\proxy\IProxy.java" md5: 0f7862091188b26b9d74e1ff7112060d
Cache Hit!
endProcessing "com\DragonFerocity\expanded\proxy\IProxy.java"

