[00:24:41] [Client thread/INFO]: Setting user: Player102
[00:24:45] [Client thread/WARN]: Skipping bad option: lastServer:
[00:24:45] [Client thread/INFO]: LWJGL Version: 2.9.4
[00:24:46] [Client thread/INFO]: [STDOUT]: ---- Minecraft Crash Report ----
// Hey, that tickles! Hehehe!

Time: 4/15/17 12:24 AM
Description: Loading screen debug info

This is just a prompt for computer specs to be printed. THIS IS NOT A ERROR


A detailed walkthrough of the error, its code path and all known details is as follows:
---------------------------------------------------------------------------------------

-- System Details --
Details:
	Minecraft Version: 1.11.2
	Operating System: Windows 10 (amd64) version 10.0
	Java Version: 1.8.0_121, Oracle Corporation
	Java VM Version: Java HotSpot(TM) 64-Bit Server VM (mixed mode), Oracle Corporation
	Memory: 634212592 bytes (604 MB) / 846725120 bytes (807 MB) up to 3806855168 bytes (3630 MB)
	JVM Flags: 0 total; 
	IntCache: cache: 0, tcache: 0, allocated: 0, tallocated: 0
	FML: 
	Loaded coremods (and transformers): 
	GL info: ' Vendor: 'ATI Technologies Inc.' Version: '4.5.13469 Compatibility Profile Context 21.19.523.2' Renderer: 'AMD Radeon (TM) RX 480'
[00:24:48] [Client thread/INFO]: Reloading ResourceManager: Default, FMLFileResourcePack:Forge Mod Loader, FMLFileResourcePack:Minecraft Forge, FMLFileResourcePack:Expanded Aesthetics
[00:24:52] [Sound Library Loader/INFO]: Starting up SoundSystem...
[00:24:52] [Thread-8/INFO]: Initializing LWJGL OpenAL
[00:24:52] [Thread-8/INFO]: (The LWJGL binding of OpenAL.  For more information, see http://www.lwjgl.org)
[00:24:52] [Thread-8/INFO]: OpenAL initialized.
[00:24:52] [Sound Library Loader/INFO]: Sound engine started
[00:24:56] [Client thread/INFO]: Created: 16x16 textures-atlas
[00:24:57] [Client thread/INFO]: Reloading ResourceManager: Default, FMLFileResourcePack:Forge Mod Loader, FMLFileResourcePack:Minecraft Forge, FMLFileResourcePack:Expanded Aesthetics
[00:25:00] [Client thread/INFO]: SoundSystem shutting down...
[00:25:01] [Client thread/WARN]: Author: Paul Lamb, www.paulscode.com
[00:25:01] [Sound Library Loader/INFO]: Starting up SoundSystem...
[00:25:01] [Thread-10/INFO]: Initializing LWJGL OpenAL
[00:25:01] [Thread-10/INFO]: (The LWJGL binding of OpenAL.  For more information, see http://www.lwjgl.org)
[00:25:01] [Thread-10/INFO]: OpenAL initialized.
[00:25:01] [Sound Library Loader/INFO]: Sound engine started
[00:25:05] [Client thread/INFO]: Created: 512x512 textures-atlas
[00:25:06] [Client thread/WARN]: Skipping bad option: lastServer:
[00:25:06] [Realms Notification Availability checker #1/INFO]: Could not authorize you against Realms server: Invalid session id
[00:25:08] [Client thread/INFO]: Stopping!
[00:25:08] [Client thread/INFO]: SoundSystem shutting down...
[00:25:08] [Client thread/WARN]: Author: Paul Lamb, www.paulscode.com
